<?xml version="1.0" encoding="UTF-8"?><testsuite errors="0" failures="0" name="Products Functionality" skipped="0" tests="4" time="0.35" timestamp="2022-01-25T17:55:48.249Z[Europe/London]"><testcase name="Verify user should be able to access Products on Best Buy application"/><testcase name="Create a new Product &amp; verify if the product is added"/><testcase name="Updating the product created and verify it is updated with status 200"/><testcase name="Verify user should able to delete the product"/></testsuite>