<?xml version="1.0" encoding="UTF-8"?><testsuite errors="0" failures="0" name="Services Functionality" skipped="0" tests="4" time="0.19" timestamp="2022-01-25T17:55:48.743Z[Europe/London]"><testcase name="Verify user should able to access stores information"/><testcase name="Create a new Service and verify if the Service is added"/><testcase name="Update the Service information and verify if Service is updated"/><testcase name="I delete the Service and verify Service is deleted successfully"/></testsuite>